<?xml version="1.0" encoding="UTF-8" ?>
<testsuite tests="13" failures="0" name="it.unipd.mtss.business.BillTest" time="0.036" errors="0" skipped="0">
  <properties>
[...]
</properties>
  <testcase classname="it.unipd.mtss.business.BillTest" name="orderPrice_LessThanElevenMouseDiscountTest" time="0.03"/>
  <testcase classname="it.unipd.mtss.business.BillTest" name="orderPrice_CalculateTotalTest" time="0"/>
  <testcase classname="it.unipd.mtss.business.BillTest" name="orderPrice_KeyboardNOTEqualsMouseDiscountTest" time="0"/>
  <testcase classname="it.unipd.mtss.business.BillTest" name="orderPrice_LessThanSixCPUDiscountTest" time="0.002"/>
  <testcase classname="it.unipd.mtss.business.BillTest" name="orderPrice_NullEItemTest" time="0"/>
  <testcase classname="it.unipd.mtss.business.BillTest" name="orderPrice_MoreThanFiveCPUDiscountTest" time="0.001"/>
  <testcase classname="it.unipd.mtss.business.BillTest" name="orderPrice_EmptyList" time="0"/>
  <testcase classname="it.unipd.mtss.business.BillTest" name="orderPrice_DiscountTenPercentTest" time="0"/>
  <testcase classname="it.unipd.mtss.business.BillTest" name="orderPrice_NullUserTest" time="0.001"/>
  <testcase classname="it.unipd.mtss.business.BillTest" name="orderPrice_KeyboardEqualsMouseDiscountTest" time="0.001"/>
  <testcase classname="it.unipd.mtss.business.BillTest" name="orderPrice_NotDiscountTenPercentTest" time="0"/>
  <testcase classname="it.unipd.mtss.business.BillTest" name="orderPrice_MaxTrentaElementiTest" time="0"/>
  <testcase classname="it.unipd.mtss.business.BillTest" name="orderPrice_MoreThanTenMouseDiscountTest" time="0.001"/>
</testsuite>